Nov-02 15:47:49.346 [main] DEBUG nextflow.cli.Launcher - $> nextflow kuberun 'https://github.com/BorisYourich/GMX-Nextflow'
Nov-02 15:47:49.436 [main] DEBUG nextflow.plugin.PluginsFacade - Setting up plugin manager > mode=prod; embedded=false; plugins-dir=/root/.nextflow/plugins; core-plugins: nf-amazon@1.8.0,nf-azure@0.13.2,nf-codecommit@0.1.2,nf-console@1.0.3,nf-ga4gh@1.0.3,nf-google@1.2.1,nf-sqldb@0.4.1,nf-tower@1.4.0
Nov-02 15:47:49.443 [main] INFO  org.pf4j.DefaultPluginStatusProvider - Enabled plugins: []
Nov-02 15:47:49.444 [main] INFO  org.pf4j.DefaultPluginStatusProvider - Disabled plugins: []
Nov-02 15:47:49.446 [main] INFO  org.pf4j.DefaultPluginManager - PF4J version 3.4.1 in 'deployment' mode
Nov-02 15:47:49.452 [main] INFO  org.pf4j.AbstractPluginManager - No plugins
Nov-02 15:47:49.461 [main] DEBUG nextflow.scm.ProviderConfig - Using SCM config path: /root/.nextflow/scm
Nov-02 15:47:49.487 [main] DEBUG nextflow.scm.RepositoryFactory - Found Git repository result: [RepositoryFactory]
Nov-02 15:47:49.497 [main] DEBUG nextflow.scm.RepositoryFactory - Git url=nextflow.scm.GitUrl(https, null, github.com, BorisYourich/GMX-Nextflow) -> config=ProviderConfig[name: github, platform: github, server: https://github.com]
Nov-02 15:47:49.497 [main] DEBUG nextflow.scm.AssetManager - Repository URL: https://github.com/BorisYourich/GMX-Nextflow; Project: BorisYourich/GMX-Nextflow; Hub provider: github
Nov-02 15:47:49.503 [main] DEBUG nextflow.scm.RepositoryProvider - Request [credentials -:-] -> https://api.github.com/repos/BorisYourich/GMX-Nextflow/contents/nextflow.config
Nov-02 15:47:49.858 [main] DEBUG nextflow.config.ConfigBuilder - Found config local: /home/boris/GMX-Nextflow/nextflow.config
Nov-02 15:47:49.862 [main] DEBUG nextflow.config.ConfigBuilder - User config file: https://github.com/BorisYourich/GMX-Nextflow/nextflow.config
Nov-02 15:47:49.862 [main] DEBUG nextflow.config.ConfigBuilder - Parsing config file: /home/boris/GMX-Nextflow/nextflow.config
Nov-02 15:47:49.862 [main] DEBUG nextflow.config.ConfigBuilder - Parsing config file: https://github.com/BorisYourich/GMX-Nextflow/nextflow.config
Nov-02 15:47:49.878 [main] DEBUG nextflow.config.ConfigBuilder - Applying config profile: `standard`
Nov-02 15:47:50.320 [main] DEBUG nextflow.config.ConfigBuilder - Applying config profile: `standard`
Nov-02 15:47:50.366 [main] DEBUG nextflow.k8s.K8sConfig - Kubernetes workDir=/home/boris/GMX-k8/tmp; projectDir=/home/boris/GMX-k8/projects; volumeClaims=[test-pvc]
Nov-02 15:47:50.480 [main] DEBUG nextflow.scm.ProviderConfig - Using SCM config path: /root/.nextflow/scm
Nov-02 15:47:50.562 [main] DEBUG nextflow.k8s.K8sDriverLauncher - Created K8s configMap with name: nf-config-53b676a2
Nov-02 15:47:54.103 [main] DEBUG nextflow.k8s.K8sDriverLauncher - Wait for job termination name=infallible-waddington
