
-------------------------------------------------------
Program:     gmx grompp, version 2021-MODIFIED
Source file: src/gromacs/commandline/cmdlineparser.cpp (line 275)
Function:    void gmx::CommandLineParser::parse(int*, char**)

Error in user input:
Invalid command-line options
  In command-line option -c
    File 'RE/01/01.gro' does not exist or is not accessible.
    The file could not be opened.
      Reason: No such file or directory
      (call to fopen() returned error code 2)
  In command-line option -r
    File 'RE/01/01.gro' does not exist or is not accessible.
    The file could not be opened.
      Reason: No such file or directory
      (call to fopen() returned error code 2)
  In command-line option -p
    File 'RE/01/topol.top' does not exist or is not accessible.
    The file could not be opened.
      Reason: No such file or directory
      (call to fopen() returned error code 2)
  In command-line option -n
    File 'RE/01/index.ndx' does not exist or is not accessible.
    The file could not be opened.
      Reason: No such file or directory
      (call to fopen() returned error code 2)
  In command-line option -o
    File name 'RE/01.tprol.top' cannot be used for this option.
    Only the following extensions are possible:
      .tpr

For more information and tips for troubleshooting, please check the GROMACS
website at http://www.gromacs.org/Documentation/Errors
-------------------------------------------------------
application called MPI_Abort(MPI_COMM_WORLD, 1) - process 0
[unset]: write_line error; fd=-1 buf=:cmd=abort exitcode=1
:
system msg for write_line failure : Bad file descriptor
