Reading file soggy_woese.tpr, VERSION 2021-MODIFIED (single precision)
Reading file soggy_woese.tpr, VERSION 2021-MODIFIED (single precision)
Reading file soggy_woese.tpr, VERSION 2021-MODIFIED (single precision)
Reading file soggy_woese.tpr, VERSION 2021-MODIFIED (single precision)
Reading file soggy_woese.tpr, VERSION 2021-MODIFIED (single precision)
Reading file soggy_woese.tpr, VERSION 2021-MODIFIED (single precision)
Reading file soggy_woese.tpr, VERSION 2021-MODIFIED (single precision)
Reading file soggy_woese.tpr, VERSION 2021-MODIFIED (single precision)
Reading file soggy_woese.tpr, VERSION 2021-MODIFIED (single precision)
Reading file soggy_woese.tpr, VERSION 2021-MODIFIED (single precision)
Reading file soggy_woese.tpr, VERSION 2021-MODIFIED (single precision)
Reading file soggy_woese.tpr, VERSION 2021-MODIFIED (single precision)
Reading file soggy_woese.tpr, VERSION 2021-MODIFIED (single precision)
Reading file soggy_woese.tpr, VERSION 2021-MODIFIED (single precision)
Reading file soggy_woese.tpr, VERSION 2021-MODIFIED (single precision)
Changing nstlist from 20 to 100, rlist from 1.21 to 1.325

Changing nstlist from 20 to 100, rlist from 1.21 to 1.325

Changing nstlist from 20 to 100, rlist from 1.21 to 1.325

Changing nstlist from 20 to 100, rlist from 1.21 to 1.325

Changing nstlist from 20 to 100, rlist from 1.21 to 1.325

Changing nstlist from 20 to 100, rlist from 1.21 to 1.326

Changing nstlist from 20 to 100, rlist from 1.21 to 1.326

Changing nstlist from 20 to 100, rlist from 1.21 to 1.326

Changing nstlist from 20 to 100, rlist from 1.21 to 1.325

Changing nstlist from 20 to 100, rlist from 1.21 to 1.325

Changing nstlist from 20 to 100, rlist from 1.21 to 1.325

Changing nstlist from 20 to 100, rlist from 1.21 to 1.326

Changing nstlist from 20 to 100, rlist from 1.21 to 1.325

Changing nstlist from 20 to 100, rlist from 1.21 to 1.326

Changing nstlist from 20 to 100, rlist from 1.21 to 1.325

This is simulation 0 out of 15 running as a composite GROMACS
multi-simulation job. Setup for this simulation:
This is simulation 1 out of 15 running as a composite GROMACS
multi-simulation job. Setup for this simulation:

Using 1 MPI process
This is simulation 2 out of 15 running as a composite GROMACS
multi-simulation job. Setup for this simulation:

Using 1 MPI process

Using 1 MPI process
This is simulation 4 out of 15 running as a composite GROMACS
multi-simulation job. Setup for this simulation:

Using 1 MPI process
This is simulation 6 out of 15 running as a composite GROMACS
multi-simulation job. Setup for this simulation:

Using 1 MPI process
This is simulation 7 out of 15 running as a composite GROMACS
multi-simulation job. Setup for this simulation:

Using 1 MPI process
This is simulation 3 out of 15 running as a composite GROMACS
multi-simulation job. Setup for this simulation:

Using 1 MPI process
This is simulation 8 out of 15 running as a composite GROMACS
multi-simulation job. Setup for this simulation:

Using 1 MPI process
This is simulation 10 out of 15 running as a composite GROMACS
multi-simulation job. Setup for this simulation:

Using 1 MPI process
This is simulation 12 out of 15 running as a composite GROMACS
multi-simulation job. Setup for this simulation:

Using 1 MPI process
This is simulation 9 out of 15 running as a composite GROMACS
multi-simulation job. Setup for this simulation:

Using 1 MPI process
This is simulation 11 out of 15 running as a composite GROMACS
multi-simulation job. Setup for this simulation:

Using 1 MPI process
This is simulation 5 out of 15 running as a composite GROMACS
multi-simulation job. Setup for this simulation:

Using 1 MPI process
This is simulation 13 out of 15 running as a composite GROMACS
multi-simulation job. Setup for this simulation:

Using 1 MPI process
This is simulation 14 out of 15 running as a composite GROMACS
multi-simulation job. Setup for this simulation:

Using 1 MPI process
Using 1 OpenMP thread 

Using 1 OpenMP thread Using 1 OpenMP thread 

Using 1 OpenMP thread 

Using 1 OpenMP thread 



Using 1 OpenMP thread 

Using 1 OpenMP thread 

Using 1 OpenMP thread 

Using 1 OpenMP thread 

Using 1 OpenMP thread 

Using 1 OpenMP thread Using 1 OpenMP thread 

Using 1 OpenMP thread 



Using 1 OpenMP thread 

Using 1 OpenMP thread 


WARNING: On rank 0: oversubscribing the available 8 logical CPU cores per node with 15 MPI processes.
         This will cause considerable performance loss.

WARNING: On rank 0: oversubscribing the available 8 logical CPU cores per node with 15 MPI processes.
         This will cause considerable performance loss.

WARNING: On rank 0: oversubscribing the available 8 logical CPU cores per node with 15 MPI processes.
         This will cause considerable performance loss.

WARNING: On rank 0: oversubscribing the available 8 logical CPU cores per node with 15 MPI processes.
         This will cause considerable performance loss.

WARNING: On rank 0: oversubscribing the available 8 logical CPU cores per node with 15 MPI processes.
         This will cause considerable performance loss.

WARNING: On rank 0: oversubscribing the available 8 logical CPU cores per node with 15 MPI processes.
         This will cause considerable performance loss.

WARNING: On rank 0: oversubscribing the available 8 logical CPU cores per node with 15 MPI processes.
         This will cause considerable performance loss.

WARNING: On rank 0: oversubscribing the available 8 logical CPU cores per node with 15 MPI processes.
         This will cause considerable performance loss.

WARNING: On rank 0: oversubscribing the available 8 logical CPU cores per node with 15 MPI processes.
         This will cause considerable performance loss.

WARNING: On rank 0: oversubscribing the available 8 logical CPU cores per node with 15 MPI processes.
         This will cause considerable performance loss.

WARNING: On rank 0: oversubscribing the available 8 logical CPU cores per node with 15 MPI processes.
         This will cause considerable performance loss.

WARNING: On rank 0: oversubscribing the available 8 logical CPU cores per node with 15 MPI processes.
         This will cause considerable performance loss.

WARNING: On rank 0: oversubscribing the available 8 logical CPU cores per node with 15 MPI processes.
         This will cause considerable performance loss.

WARNING: On rank 0: oversubscribing the available 8 logical CPU cores per node with 15 MPI processes.
         This will cause considerable performance loss.

WARNING: On rank 0: oversubscribing the available 8 logical CPU cores per node with 15 MPI processes.
         This will cause considerable performance loss.


NOTE: Oversubscribing the CPU, will not pin threads

NOTE: Oversubscribing the CPU, will not pin threads

NOTE: Oversubscribing the CPU, will not pin threads

NOTE: Oversubscribing the CPU, will not pin threads

NOTE: Oversubscribing the CPU, will not pin threads

NOTE: Oversubscribing the CPU, will not pin threads

NOTE: Oversubscribing the CPU, will not pin threads

NOTE: Oversubscribing the CPU, will not pin threads
NOTE: Oversubscribing the CPU, will not pin threads

NOTE: Oversubscribing the CPU, will not pin threads

NOTE: Oversubscribing the CPU, will not pin threads

NOTE: Oversubscribing the CPU, will not pin threads

NOTE: Oversubscribing the CPU, will not pin threads

NOTE: Oversubscribing the CPU, will not pin threads

NOTE: Oversubscribing the CPU, will not pin threads

Back Off! I just backed up /home/boris/GMX-Nextflow/RE/soggy_woese_px.part0001.xvg to /home/boris/GMX-Nextflow/RE/#soggy_woese_px.part0001.xvg.1#

Back Off! I just backed up /home/boris/GMX-Nextflow/RE/soggy_woese_pf.part0001.xvg to /home/boris/GMX-Nextflow/RE/#soggy_woese_pf.part0001.xvg.1#

Back Off! I just backed up /home/boris/GMX-Nextflow/RE/soggy_woese_px.part0001.xvg to /home/boris/GMX-Nextflow/RE/#soggy_woese_px.part0001.xvg.2#

Back Off! I just backed up /home/boris/GMX-Nextflow/RE/soggy_woese_pf.part0001.xvg to /home/boris/GMX-Nextflow/RE/#soggy_woese_pf.part0001.xvg.2#

Back Off! I just backed up /home/boris/GMX-Nextflow/RE/soggy_woese_px.part0001.xvg to /home/boris/GMX-Nextflow/RE/#soggy_woese_px.part0001.xvg.3#

Back Off! I just backed up /home/boris/GMX-Nextflow/RE/soggy_woese_pf.part0001.xvg to /home/boris/GMX-Nextflow/RE/#soggy_woese_pf.part0001.xvg.3#

Back Off! I just backed up /home/boris/GMX-Nextflow/RE/soggy_woese_px.part0001.xvg to /home/boris/GMX-Nextflow/RE/#soggy_woese_px.part0001.xvg.4#

Back Off! I just backed up /home/boris/GMX-Nextflow/RE/soggy_woese_pf.part0001.xvg to /home/boris/GMX-Nextflow/RE/#soggy_woese_pf.part0001.xvg.4#

Back Off! I just backed up /home/boris/GMX-Nextflow/RE/soggy_woese_px.part0001.xvg to /home/boris/GMX-Nextflow/RE/#soggy_woese_px.part0001.xvg.5#

Back Off! I just backed up /home/boris/GMX-Nextflow/RE/soggy_woese_pf.part0001.xvg to /home/boris/GMX-Nextflow/RE/#soggy_woese_pf.part0001.xvg.5#

Back Off! I just backed up /home/boris/GMX-Nextflow/RE/soggy_woese_px.part0001.xvg to /home/boris/GMX-Nextflow/RE/#soggy_woese_px.part0001.xvg.6#

Back Off! I just backed up /home/boris/GMX-Nextflow/RE/soggy_woese_pf.part0001.xvg to /home/boris/GMX-Nextflow/RE/#soggy_woese_pf.part0001.xvg.6#

Back Off! I just backed up /home/boris/GMX-Nextflow/RE/soggy_woese_px.part0001.xvg to /home/boris/GMX-Nextflow/RE/#soggy_woese_px.part0001.xvg.7#

Back Off! I just backed up /home/boris/GMX-Nextflow/RE/soggy_woese_pf.part0001.xvg to /home/boris/GMX-Nextflow/RE/#soggy_woese_pf.part0001.xvg.7#

Back Off! I just backed up /home/boris/GMX-Nextflow/RE/soggy_woese_px.part0001.xvg to /home/boris/GMX-Nextflow/RE/#soggy_woese_px.part0001.xvg.8#

Back Off! I just backed up /home/boris/GMX-Nextflow/RE/soggy_woese_pf.part0001.xvg to /home/boris/GMX-Nextflow/RE/#soggy_woese_pf.part0001.xvg.8#

Back Off! I just backed up /home/boris/GMX-Nextflow/RE/soggy_woese_px.part0001.xvg to /home/boris/GMX-Nextflow/RE/#soggy_woese_px.part0001.xvg.9#

Back Off! I just backed up /home/boris/GMX-Nextflow/RE/soggy_woese_pf.part0001.xvg to /home/boris/GMX-Nextflow/RE/#soggy_woese_pf.part0001.xvg.9#

Back Off! I just backed up /home/boris/GMX-Nextflow/RE/soggy_woese_px.part0001.xvg to /home/boris/GMX-Nextflow/RE/#soggy_woese_px.part0001.xvg.10#

Back Off! I just backed up /home/boris/GMX-Nextflow/RE/soggy_woese_px.part0001.xvg to /home/boris/GMX-Nextflow/RE/#soggy_woese_px.part0001.xvg.11#

Back Off! I just backed up /home/boris/GMX-Nextflow/RE/soggy_woese_pf.part0001.xvg to /home/boris/GMX-Nextflow/RE/#soggy_woese_pf.part0001.xvg.10#

Back Off! I just backed up /home/boris/GMX-Nextflow/RE/soggy_woese_px.part0001.xvg to /home/boris/GMX-Nextflow/RE/#soggy_woese_px.part0001.xvg.12#

Back Off! I just backed up /home/boris/GMX-Nextflow/RE/soggy_woese_pf.part0001.xvg to /home/boris/GMX-Nextflow/RE/#soggy_woese_pf.part0001.xvg.11#

Back Off! I just backed up /home/boris/GMX-Nextflow/RE/soggy_woese_px.part0001.xvg to /home/boris/GMX-Nextflow/RE/#soggy_woese_px.part0001.xvg.13#

Back Off! I just backed up /home/boris/GMX-Nextflow/RE/soggy_woese_pf.part0001.xvg to /home/boris/GMX-Nextflow/RE/#soggy_woese_pf.part0001.xvg.12#

Back Off! I just backed up /home/boris/GMX-Nextflow/RE/soggy_woese_px.part0001.xvg to /home/boris/GMX-Nextflow/RE/#soggy_woese_px.part0001.xvg.14#

Back Off! I just backed up /home/boris/GMX-Nextflow/RE/soggy_woese_pf.part0001.xvg to /home/boris/GMX-Nextflow/RE/#soggy_woese_pf.part0001.xvg.13#
starting mdrun 'Protein in water'
7000000 steps,  14000.0 ps.
starting mdrun 'Protein in water'
7000000 steps,  14000.0 ps.
starting mdrun 'Protein in water'
starting mdrun 'Protein in water'
7000000 steps,  14000.0 ps.
starting mdrun 'Protein in water'
7000000 steps,  14000.0 ps.
starting mdrun 'Protein in water'
7000000 steps,  14000.0 ps.
starting mdrun 'Protein in water'
7000000 steps,  14000.0 ps.
starting mdrun 'Protein in water'
starting mdrun 'Protein in water'
7000000 steps,  14000.0 ps.
7000000 steps,  14000.0 ps.
starting mdrun 'Protein in water'
7000000 steps,  14000.0 ps.
starting mdrun 'Protein in water'
7000000 steps,  14000.0 ps.
starting mdrun 'Protein in water'
7000000 steps,  14000.0 ps.
7000000 steps,  14000.0 ps.
starting mdrun 'Protein in water'
7000000 steps,  14000.0 ps.
starting mdrun 'Protein in water'
7000000 steps,  14000.0 ps.
starting mdrun 'Protein in water'
7000000 steps,  14000.0 ps.
step 0
Back Off! I just backed up /home/boris/GMX-Nextflow/RE/soggy_woese_step100.cpt to /home/boris/GMX-Nextflow/RE/#soggy_woese_step100.cpt.1#

Back Off! I just backed up /home/boris/GMX-Nextflow/RE/soggy_woese_step100.cpt to /home/boris/GMX-Nextflow/RE/#soggy_woese_step100.cpt.2#

Back Off! I just backed up /home/boris/GMX-Nextflow/RE/soggy_woese_step100.cpt to /home/boris/GMX-Nextflow/RE/#soggy_woese_step100.cpt.3#

Back Off! I just backed up /home/boris/GMX-Nextflow/RE/soggy_woese_step100.cpt to /home/boris/GMX-Nextflow/RE/#soggy_woese_step100.cpt.4#

Back Off! I just backed up /home/boris/GMX-Nextflow/RE/soggy_woese_step100.cpt to /home/boris/GMX-Nextflow/RE/#soggy_woese_step100.cpt.5#

Back Off! I just backed up /home/boris/GMX-Nextflow/RE/soggy_woese_step100.cpt to /home/boris/GMX-Nextflow/RE/#soggy_woese_step100.cpt.6#

Back Off! I just backed up /home/boris/GMX-Nextflow/RE/soggy_woese_step100.cpt to /home/boris/GMX-Nextflow/RE/#soggy_woese_step100.cpt.7#

Back Off! I just backed up /home/boris/GMX-Nextflow/RE/soggy_woese_step100.cpt to /home/boris/GMX-Nextflow/RE/#soggy_woese_step100.cpt.8#

Back Off! I just backed up /home/boris/GMX-Nextflow/RE/soggy_woese_step100.cpt to /home/boris/GMX-Nextflow/RE/#soggy_woese_step100.cpt.9#

Back Off! I just backed up /home/boris/GMX-Nextflow/RE/soggy_woese_step100.cpt to /home/boris/GMX-Nextflow/RE/#soggy_woese_step100.cpt.10#

Back Off! I just backed up /home/boris/GMX-Nextflow/RE/soggy_woese_step100.cpt to /home/boris/GMX-Nextflow/RE/#soggy_woese_step100.cpt.11#

Back Off! I just backed up /home/boris/GMX-Nextflow/RE/soggy_woese_step100.cpt to /home/boris/GMX-Nextflow/RE/#soggy_woese_step100.cpt.12#

Back Off! I just backed up /home/boris/GMX-Nextflow/RE/soggy_woese_step100.cpt to /home/boris/GMX-Nextflow/RE/#soggy_woese_step100.cpt.13#

Back Off! I just backed up /home/boris/GMX-Nextflow/RE/soggy_woese_step100.cpt to /home/boris/GMX-Nextflow/RE/#soggy_woese_step100.cpt.14#

-------------------------------------------------------
Program:     gmx mdrun, version 2021-MODIFIED
Source file: src/gromacs/mdlib/mdoutf.cpp (line 463)
MPI rank:    4 (out of 15)

File input/output error:
Cannot rename checkpoint file; maybe you are out of disk space?


-------------------------------------------------------
Program:     gmx mdrun, version 2021-MODIFIED
Source file: src/gromacs/mdlib/mdoutf.cpp (line 463)
MPI rank:    14 (out of 15)

File input/output error:
Cannot rename checkpoint file; maybe you are out of disk space?

For more information and tips for troubleshooting, please check the GROMACS
website at http://www.gromacs.org/Documentation/Errors
-------------------------------------------------------

-------------------------------------------------------
Program:     gmx mdrun, version 2021-MODIFIED
Source file: src/gromacs/mdlib/mdoutf.cpp (line 463)
MPI rank:    3 (out of 15)

File input/output error:
Cannot rename checkpoint file; maybe you are out of disk space?

For more information and tips for troubleshooting, please check the GROMACS
website at http://www.gromacs.org/Documentation/Errors
-------------------------------------------------------
For more information and tips for troubleshooting, please check the GROMACS
website at http://www.gromacs.org/Documentation/Errors
-------------------------------------------------------

-------------------------------------------------------
Program:     gmx mdrun, version 2021-MODIFIED
Source file: src/gromacs/mdlib/mdoutf.cpp (line 463)
MPI rank:    8 (out of 15)

File input/output error:
Cannot rename checkpoint file; maybe you are out of disk space?

For more information and tips for troubleshooting, please check the GROMACS
website at http://www.gromacs.org/Documentation/Errors
-------------------------------------------------------

-------------------------------------------------------
Program:     gmx mdrun, version 2021-MODIFIED
Source file: src/gromacs/mdlib/mdoutf.cpp (line 463)
MPI rank:    0 (out of 15)

File input/output error:
Cannot rename checkpoint file; maybe you are out of disk space?

For more information and tips for troubleshooting, please check the GROMACS
website at http://www.gromacs.org/Documentation/Errors
-------------------------------------------------------

-------------------------------------------------------
Program:     gmx mdrun, version 2021-MODIFIED
Source file: src/gromacs/mdlib/mdoutf.cpp (line 463)
MPI rank:    10 (out of 15)

File input/output error:
Cannot rename checkpoint file; maybe you are out of disk space?

For more information and tips for troubleshooting, please check the GROMACS
website at http://www.gromacs.org/Documentation/Errors
-------------------------------------------------------

-------------------------------------------------------
Program:     gmx mdrun, version 2021-MODIFIED
Source file: src/gromacs/mdlib/mdoutf.cpp (line 463)
MPI rank:    11 (out of 15)

File input/output error:
Cannot rename checkpoint file; maybe you are out of disk space?

For more information and tips for troubleshooting, please check the GROMACS
website at http://www.gromacs.org/Documentation/Errors
-------------------------------------------------------

-------------------------------------------------------
Program:     gmx mdrun, version 2021-MODIFIED
Source file: src/gromacs/mdlib/mdoutf.cpp (line 463)
MPI rank:    12 (out of 15)

File input/output error:
Cannot rename checkpoint file; maybe you are out of disk space?

For more information and tips for troubleshooting, please check the GROMACS
website at http://www.gromacs.org/Documentation/Errors
-------------------------------------------------------

-------------------------------------------------------
Program:     gmx mdrun, version 2021-MODIFIED
Source file: src/gromacs/mdlib/mdoutf.cpp (line 463)
MPI rank:    6 (out of 15)

File input/output error:
Cannot rename checkpoint file; maybe you are out of disk space?

For more information and tips for troubleshooting, please check the GROMACS
website at http://www.gromacs.org/Documentation/Errors
-------------------------------------------------------

-------------------------------------------------------
Program:     gmx mdrun, version 2021-MODIFIED
Source file: src/gromacs/mdlib/mdoutf.cpp (line 463)
MPI rank:    1 (out of 15)

File input/output error:
Cannot rename checkpoint file; maybe you are out of disk space?

For more information and tips for troubleshooting, please check the GROMACS
website at http://www.gromacs.org/Documentation/Errors
-------------------------------------------------------

-------------------------------------------------------
Program:     gmx mdrun, version 2021-MODIFIED
Source file: src/gromacs/mdlib/mdoutf.cpp (line 463)
MPI rank:    5 (out of 15)

File input/output error:
Cannot rename checkpoint file; maybe you are out of disk space?

For more information and tips for troubleshooting, please check the GROMACS
website at http://www.gromacs.org/Documentation/Errors
-------------------------------------------------------

-------------------------------------------------------
Program:     gmx mdrun, version 2021-MODIFIED
Source file: src/gromacs/mdlib/mdoutf.cpp (line 463)
MPI rank:    7 (out of 15)

File input/output error:
Cannot rename checkpoint file; maybe you are out of disk space?

For more information and tips for troubleshooting, please check the GROMACS
website at http://www.gromacs.org/Documentation/Errors
-------------------------------------------------------

-------------------------------------------------------
Program:     gmx mdrun, version 2021-MODIFIED
Source file: src/gromacs/mdlib/mdoutf.cpp (line 463)
MPI rank:    9 (out of 15)

File input/output error:
Cannot rename checkpoint file; maybe you are out of disk space?

For more information and tips for troubleshooting, please check the GROMACS
website at http://www.gromacs.org/Documentation/Errors
-------------------------------------------------------

-------------------------------------------------------
Program:     gmx mdrun, version 2021-MODIFIED
Source file: src/gromacs/mdlib/mdoutf.cpp (line 463)
MPI rank:    13 (out of 15)

File input/output error:
Cannot rename checkpoint file; maybe you are out of disk space?

For more information and tips for troubleshooting, please check the GROMACS
website at http://www.gromacs.org/Documentation/Errors
-------------------------------------------------------
application called MPI_Abort(MPI_COMM_WORLD, 1) - process 4
application called MPI_Abort(MPI_COMM_WORLD, 1) - process 10
application called MPI_Abort(MPI_COMM_WORLD, 1) - process 6
application called MPI_Abort(MPI_COMM_WORLD, 1) - process 0
application called MPI_Abort(MPI_COMM_WORLD, 1) - process 1
application called MPI_Abort(MPI_COMM_WORLD, 1) - process 3
application called MPI_Abort(MPI_COMM_WORLD, 1) - process 5
application called MPI_Abort(MPI_COMM_WORLD, 1) - process 7
application called MPI_Abort(MPI_COMM_WORLD, 1) - process 8
application called MPI_Abort(MPI_COMM_WORLD, 1) - process 9
application called MPI_Abort(MPI_COMM_WORLD, 1) - process 11
application called MPI_Abort(MPI_COMM_WORLD, 1) - process 12
application called MPI_Abort(MPI_COMM_WORLD, 1) - process 13
application called MPI_Abort(MPI_COMM_WORLD, 1) - process 14
