Reading file tender_thompson.tpr, VERSION 2021-plumed-2.7.2 (single precision)
Reading file tender_thompson.tpr, VERSION 2021-plumed-2.7.2 (single precision)
Reading file tender_thompson.tpr, VERSION 2021-plumed-2.7.2 (single precision)
Reading file tender_thompson.tpr, VERSION 2021-plumed-2.7.2 (single precision)
Reading file tender_thompson.tpr, VERSION 2021-plumed-2.7.2 (single precision)
Reading file tender_thompson.tpr, VERSION 2021-plumed-2.7.2 (single precision)
Reading file tender_thompson.tpr, VERSION 2021-plumed-2.7.2 (single precision)
Reading file tender_thompson.tpr, VERSION 2021-plumed-2.7.2 (single precision)
Reading file tender_thompson.tpr, VERSION 2021-plumed-2.7.2 (single precision)
Reading file tender_thompson.tpr, VERSION 2021-plumed-2.7.2 (single precision)
Reading file tender_thompson.tpr, VERSION 2021-plumed-2.7.2 (single precision)
Reading file tender_thompson.tpr, VERSION 2021-plumed-2.7.2 (single precision)
Reading file tender_thompson.tpr, VERSION 2021-plumed-2.7.2 (single precision)
Reading file tender_thompson.tpr, VERSION 2021-plumed-2.7.2 (single precision)
Reading file tender_thompson.tpr, VERSION 2021-plumed-2.7.2 (single precision)
Changing nstlist from 20 to 100, rlist from 1.21 to 1.326

Changing nstlist from 20 to 100, rlist from 1.21 to 1.326

Changing nstlist from 20 to 100, rlist from 1.21 to 1.325

Changing nstlist from 20 to 100, rlist from 1.21 to 1.325

Changing nstlist from 20 to 100, rlist from 1.21 to 1.326

Changing nstlist from 20 to 100, rlist from 1.21 to 1.325

Changing nstlist from 20 to 100, rlist from 1.21 to 1.325

Changing nstlist from 20 to 100, rlist from 1.21 to 1.325

Changing nstlist from 20 to 100, rlist from 1.21 to 1.326

Changing nstlist from 20 to 100, rlist from 1.21 to 1.325

Changing nstlist from 20 to 100, rlist from 1.21 to 1.325

Changing nstlist from 20 to 100, rlist from 1.21 to 1.325

Changing nstlist from 20 to 100, rlist from 1.21 to 1.325

Changing nstlist from 20 to 100, rlist from 1.21 to 1.326

Changing nstlist from 20 to 100, rlist from 1.21 to 1.325

This is simulation 0 out of 15 running as a composite GROMACS
multi-simulation job. Setup for this simulation:

Using 1 MPI process
This is simulation 2 out of 15 running as a composite GROMACS
multi-simulation job. Setup for this simulation:

Using 1 MPI process
This is simulation 4 out of 15 running as a composite GROMACS
multi-simulation job. Setup for this simulation:

Using 1 MPI process
This is simulation 6 out of 15 running as a composite GROMACS
multi-simulation job. Setup for this simulation:

Using 1 MPI process
This is simulation 8 out of 15 running as a composite GROMACS
multi-simulation job. Setup for this simulation:

Using 1 MPI process
This is simulation 10 out of 15 running as a composite GROMACS
multi-simulation job. Setup for this simulation:

Using 1 MPI process
This is simulation 5 out of 15 running as a composite GROMACS
multi-simulation job. Setup for this simulation:

Using 1 MPI process
This is simulation 1 out of 15 running as a composite GROMACS
multi-simulation job. Setup for this simulation:
This is simulation 9 out of 15 running as a composite GROMACS
multi-simulation job. Setup for this simulation:

Using 1 MPI process

Using 1 MPI process
This is simulation 11 out of 15 running as a composite GROMACS
multi-simulation job. Setup for this simulation:

Using 1 MPI process
This is simulation 12 out of 15 running as a composite GROMACS
multi-simulation job. Setup for this simulation:

Using 1 MPI process
This is simulation 3 out of 15 running as a composite GROMACS
multi-simulation job. Setup for this simulation:

Using 1 MPI process
This is simulation 14 out of 15 running as a composite GROMACS
multi-simulation job. Setup for this simulation:

Using 1 MPI process
This is simulation 7 out of 15 running as a composite GROMACS
multi-simulation job. Setup for this simulation:

Using 1 MPI process
This is simulation 13 out of 15 running as a composite GROMACS
multi-simulation job. Setup for this simulation:

Using 1 MPI process
Using 1 OpenMP thread 

Using 1 OpenMP thread 

Using 1 OpenMP thread 

Using 1 OpenMP thread Using 1 OpenMP thread 

Using 1 OpenMP thread 

Using 1 OpenMP thread 



Using 1 OpenMP thread Using 1 OpenMP thread 



Using 1 OpenMP thread 

Using 1 OpenMP thread 

Using 1 OpenMP thread 

Using 1 OpenMP thread 

Using 1 OpenMP thread 

Using 1 OpenMP thread 



WARNING: On rank 0: oversubscribing the available 8 logical CPU cores per node with 15 MPI processes.
         This will cause considerable performance loss.

WARNING: On rank 0: oversubscribing the available 8 logical CPU cores per node with 15 MPI processes.
         This will cause considerable performance loss.

WARNING: On rank 0: oversubscribing the available 8 logical CPU cores per node with 15 MPI processes.
         This will cause considerable performance loss.

WARNING: On rank 0: oversubscribing the available 8 logical CPU cores per node with 15 MPI processes.
         This will cause considerable performance loss.

WARNING: On rank 0: oversubscribing the available 8 logical CPU cores per node with 15 MPI processes.
         This will cause considerable performance loss.

WARNING: On rank 0: oversubscribing the available 8 logical CPU cores per node with 15 MPI processes.
         This will cause considerable performance loss.
WARNING: On rank 0: oversubscribing the available 8 logical CPU cores per node with 15 MPI processes.
         This will cause considerable performance loss.

WARNING: On rank 0: oversubscribing the available 8 logical CPU cores per node with 15 MPI processes.
         This will cause considerable performance loss.

WARNING: On rank 0: oversubscribing the available 8 logical CPU cores per node with 15 MPI processes.
         This will cause considerable performance loss.

WARNING: On rank 0: oversubscribing the available 8 logical CPU cores per node with 15 MPI processes.
         This will cause considerable performance loss.

WARNING: On rank 0: oversubscribing the available 8 logical CPU cores per node with 15 MPI processes.
         This will cause considerable performance loss.


WARNING: On rank 0: oversubscribing the available 8 logical CPU cores per node with 15 MPI processes.
         This will cause considerable performance loss.
WARNING: On rank 0: oversubscribing the available 8 logical CPU cores per node with 15 MPI processes.
         This will cause considerable performance loss.

WARNING: On rank 0: oversubscribing the available 8 logical CPU cores per node with 15 MPI processes.
         This will cause considerable performance loss.

WARNING: On rank 0: oversubscribing the available 8 logical CPU cores per node with 15 MPI processes.
         This will cause considerable performance loss.

NOTE: Oversubscribing the CPU, will not pin threads

NOTE: Oversubscribing the CPU, will not pin threads

NOTE: Oversubscribing the CPU, will not pin threads

NOTE: Oversubscribing the CPU, will not pin threads

NOTE: Oversubscribing the CPU, will not pin threads

NOTE: Oversubscribing the CPU, will not pin threads


NOTE: Oversubscribing the CPU, will not pin threads
NOTE: Oversubscribing the CPU, will not pin threads

NOTE: Oversubscribing the CPU, will not pin threads

NOTE: Oversubscribing the CPU, will not pin threads

NOTE: Oversubscribing the CPU, will not pin threads


NOTE: Oversubscribing the CPU, will not pin threads

NOTE: Oversubscribing the CPU, will not pin threads

NOTE: Oversubscribing the CPU, will not pin threads
NOTE: Oversubscribing the CPU, will not pin threads

Back Off! I just backed up /home/boris/GMX-Nextflow/RE/tender_thompson_px.part0001.xvg to /home/boris/GMX-Nextflow/RE/#tender_thompson_px.part0001.xvg.1#

Back Off! I just backed up /home/boris/GMX-Nextflow/RE/tender_thompson_pf.part0001.xvg to /home/boris/GMX-Nextflow/RE/#tender_thompson_pf.part0001.xvg.1#

Back Off! I just backed up /home/boris/GMX-Nextflow/RE/tender_thompson_px.part0001.xvg to /home/boris/GMX-Nextflow/RE/#tender_thompson_px.part0001.xvg.2#

Back Off! I just backed up /home/boris/GMX-Nextflow/RE/tender_thompson_pf.part0001.xvg to /home/boris/GMX-Nextflow/RE/#tender_thompson_pf.part0001.xvg.2#

Back Off! I just backed up /home/boris/GMX-Nextflow/RE/tender_thompson_px.part0001.xvg to /home/boris/GMX-Nextflow/RE/#tender_thompson_px.part0001.xvg.4#

Back Off! I just backed up /home/boris/GMX-Nextflow/RE/tender_thompson_pf.part0001.xvg to /home/boris/GMX-Nextflow/RE/#tender_thompson_pf.part0001.xvg.4#

Back Off! I just backed up /home/boris/GMX-Nextflow/RE/tender_thompson_px.part0001.xvg to /home/boris/GMX-Nextflow/RE/#tender_thompson_px.part0001.xvg.3#

Back Off! I just backed up /home/boris/GMX-Nextflow/RE/tender_thompson_pf.part0001.xvg to /home/boris/GMX-Nextflow/RE/#tender_thompson_pf.part0001.xvg.3#

Back Off! I just backed up /home/boris/GMX-Nextflow/RE/tender_thompson_px.part0001.xvg to /home/boris/GMX-Nextflow/RE/#tender_thompson_px.part0001.xvg.5#

Back Off! I just backed up /home/boris/GMX-Nextflow/RE/tender_thompson_pf.part0001.xvg to /home/boris/GMX-Nextflow/RE/#tender_thompson_pf.part0001.xvg.5#

Back Off! I just backed up /home/boris/GMX-Nextflow/RE/tender_thompson_px.part0001.xvg to /home/boris/GMX-Nextflow/RE/#tender_thompson_px.part0001.xvg.6#

Back Off! I just backed up /home/boris/GMX-Nextflow/RE/tender_thompson_pf.part0001.xvg to /home/boris/GMX-Nextflow/RE/#tender_thompson_pf.part0001.xvg.6#

Back Off! I just backed up /home/boris/GMX-Nextflow/RE/tender_thompson_px.part0001.xvg to /home/boris/GMX-Nextflow/RE/#tender_thompson_px.part0001.xvg.7#

Back Off! I just backed up /home/boris/GMX-Nextflow/RE/tender_thompson_pf.part0001.xvg to /home/boris/GMX-Nextflow/RE/#tender_thompson_pf.part0001.xvg.7#

Back Off! I just backed up /home/boris/GMX-Nextflow/RE/tender_thompson_px.part0001.xvg to /home/boris/GMX-Nextflow/RE/#tender_thompson_px.part0001.xvg.8#

Back Off! I just backed up /home/boris/GMX-Nextflow/RE/tender_thompson_pf.part0001.xvg to /home/boris/GMX-Nextflow/RE/#tender_thompson_pf.part0001.xvg.8#

Back Off! I just backed up /home/boris/GMX-Nextflow/RE/tender_thompson_px.part0001.xvg to /home/boris/GMX-Nextflow/RE/#tender_thompson_px.part0001.xvg.9#

Back Off! I just backed up /home/boris/GMX-Nextflow/RE/tender_thompson_pf.part0001.xvg to /home/boris/GMX-Nextflow/RE/#tender_thompson_pf.part0001.xvg.9#

Back Off! I just backed up /home/boris/GMX-Nextflow/RE/tender_thompson_px.part0001.xvg to /home/boris/GMX-Nextflow/RE/#tender_thompson_px.part0001.xvg.9#

Back Off! I just backed up /home/boris/GMX-Nextflow/RE/tender_thompson_pf.part0001.xvg to /home/boris/GMX-Nextflow/RE/#tender_thompson_pf.part0001.xvg.10#

Back Off! I just backed up /home/boris/GMX-Nextflow/RE/tender_thompson_px.part0001.xvg to /home/boris/GMX-Nextflow/RE/#tender_thompson_px.part0001.xvg.10#

Back Off! I just backed up /home/boris/GMX-Nextflow/RE/tender_thompson_pf.part0001.xvg to /home/boris/GMX-Nextflow/RE/#tender_thompson_pf.part0001.xvg.11#

Back Off! I just backed up /home/boris/GMX-Nextflow/RE/tender_thompson_px.part0001.xvg to /home/boris/GMX-Nextflow/RE/#tender_thompson_px.part0001.xvg.11#

Back Off! I just backed up /home/boris/GMX-Nextflow/RE/tender_thompson_pf.part0001.xvg to /home/boris/GMX-Nextflow/RE/#tender_thompson_pf.part0001.xvg.12#

Back Off! I just backed up /home/boris/GMX-Nextflow/RE/tender_thompson_px.part0001.xvg to /home/boris/GMX-Nextflow/RE/#tender_thompson_px.part0001.xvg.12#

Back Off! I just backed up /home/boris/GMX-Nextflow/RE/tender_thompson_pf.part0001.xvg to /home/boris/GMX-Nextflow/RE/#tender_thompson_pf.part0001.xvg.13#

Back Off! I just backed up /home/boris/GMX-Nextflow/RE/tender_thompson_px.part0001.xvg to /home/boris/GMX-Nextflow/RE/#tender_thompson_px.part0001.xvg.13#

Back Off! I just backed up /home/boris/GMX-Nextflow/RE/tender_thompson_pf.part0001.xvg to /home/boris/GMX-Nextflow/RE/#tender_thompson_pf.part0001.xvg.14#
starting mdrun 'Protein in water'
starting mdrun 'Protein in water'
7000000 steps,  14000.0 ps.
starting mdrun 'Protein in water'
7000000 steps,  14000.0 ps.
starting mdrun 'Protein in water'
7000000 steps,  14000.0 ps.
starting mdrun 'Protein in water'
7000000 steps,  14000.0 ps.
starting mdrun 'Protein in water'
7000000 steps,  14000.0 ps.
starting mdrun 'Protein in water'
7000000 steps,  14000.0 ps.
7000000 steps,  14000.0 ps.
starting mdrun 'Protein in water'
starting mdrun 'Protein in water'
starting mdrun 'Protein in water'
7000000 steps,  14000.0 ps.
starting mdrun 'Protein in water'
7000000 steps,  14000.0 ps.
7000000 steps,  14000.0 ps.
starting mdrun 'Protein in water'
7000000 steps,  14000.0 ps.
7000000 steps,  14000.0 ps.
starting mdrun 'Protein in water'
7000000 steps,  14000.0 ps.
starting mdrun 'Protein in water'
starting mdrun 'Protein in water'
7000000 steps,  14000.0 ps.
7000000 steps,  14000.0 ps.
step 0