Unable to find image 'gromacs/gromacs:latest' locally
latest: Pulling from gromacs/gromacs
d5fd17ec1767: Pulling fs layer
68803f8d6f15: Pulling fs layer
d21588509682: Pulling fs layer
20f9413a4963: Pulling fs layer
7332e99e138c: Pulling fs layer
389c36d1195e: Pulling fs layer
967a17e9cb61: Pulling fs layer
fe009cb884d8: Pulling fs layer
e78dc9fff0e1: Pulling fs layer
4bccb324dc6a: Pulling fs layer
9fa1c8e0bd35: Pulling fs layer
67b8bd5f4389: Pulling fs layer
9db041646481: Pulling fs layer
13ceb3062768: Pulling fs layer
20f9413a4963: Waiting
f15d64a4fce1: Pulling fs layer
41c16b197d4a: Pulling fs layer
7332e99e138c: Waiting
fe009cb884d8: Waiting
389c36d1195e: Waiting
e78dc9fff0e1: Waiting
9fa1c8e0bd35: Waiting
967a17e9cb61: Waiting
67b8bd5f4389: Waiting
f15d64a4fce1: Waiting
41c16b197d4a: Waiting
9db041646481: Waiting
68803f8d6f15: Verifying Checksum
68803f8d6f15: Download complete
20f9413a4963: Verifying Checksum
7332e99e138c: Verifying Checksum
d5fd17ec1767: Verifying Checksum
d5fd17ec1767: Download complete
d21588509682: Verifying Checksum
d21588509682: Download complete
d5fd17ec1767: Pull complete
68803f8d6f15: Pull complete
967a17e9cb61: Verifying Checksum
967a17e9cb61: Download complete
d21588509682: Pull complete
20f9413a4963: Pull complete
7332e99e138c: Pull complete
e78dc9fff0e1: Verifying Checksum
e78dc9fff0e1: Download complete
fe009cb884d8: Verifying Checksum
fe009cb884d8: Download complete
9fa1c8e0bd35: Download complete
67b8bd5f4389: Verifying Checksum
67b8bd5f4389: Download complete
9db041646481: Download complete
13ceb3062768: Verifying Checksum
13ceb3062768: Download complete
f15d64a4fce1: Download complete
41c16b197d4a: Verifying Checksum
41c16b197d4a: Download complete
