
-------------------------------------------------------
Program:     gmx mdrun, version 2022.2
Source file: src/gromacs/commandline/cmdlineparser.cpp (line 271)
Function:    void gmx::CommandLineParser::parse(int*, char**)
MPI rank:    1 (out of 4)

Error in user input:
Invalid command-line options

-------------------------------------------------------
Program:     gmx mdrun, version 2022.2
Source file: src/gromacs/commandline/cmdlineparser.cpp (line 271)
Function:    void gmx::CommandLineParser::parse(int*, char**)
MPI rank:    2 (out of 4)

Error in user input:
Invalid command-line options
    Unknown command-line option -plumed

-------------------------------------------------------
Program:     gmx mdrun, version 2022.2
Source file: src/gromacs/commandline/cmdlineparser.cpp (line 271)
Function:    void gmx::CommandLineParser::parse(int*, char**)
MPI rank:    3 (out of 4)

Error in user input:
Invalid command-line options
    Unknown command-line option -plumed

-------------------------------------------------------
Program:     gmx mdrun, version 2022.2
Source file: src/gromacs/commandline/cmdlineparser.cpp (line 271)
Function:    void gmx::CommandLineParser::parse(int*, char**)
MPI rank:    0 (out of 4)

Error in user input:
Invalid command-line options
    Unknown command-line option -plumed
    Unknown command-line option -hrex

For more information and tips for troubleshooting, please check the GROMACS
website at http://www.gromacs.org/Documentation/Errors    Unknown command-line option -hrex

For more information and tips for troubleshooting, please check the GROMACS
website at http://www.gromacs.org/Documentation/Errors
-------------------------------------------------------
    Unknown command-line option -plumed
    Unknown command-line option -hrex

For more information and tips for troubleshooting, please check the GROMACS
website at http://www.gromacs.org/Documentation/Errors
-------------------------------------------------------
    Unknown command-line option -hrex

For more information and tips for troubleshooting, please check the GROMACS
website at http://www.gromacs.org/Documentation/Errors
-------------------------------------------------------

-------------------------------------------------------
--------------------------------------------------------------------------
MPI_ABORT was invoked on rank 0 in communicator MPI_COMM_WORLD
with errorcode 1.

NOTE: invoking MPI_ABORT causes Open MPI to kill all MPI processes.
You may or may not see output from other processes, depending on
exactly when Open MPI kills them.
--------------------------------------------------------------------------
[1ebf4e1092e6:00029] 3 more processes have sent help message help-mpi-api.txt / mpi-abort
[1ebf4e1092e6:00029] Set MCA parameter "orte_base_help_aggregate" to 0 to see all help / error messages
